<?xml version="1.0" encoding="UTF-8"?>
<!-- Generated by org.testng.reporters.JUnitReportReporter -->
<testsuite hostname="DESKTOP-ESJ8UKI" failures="0" tests="8" name="com.xe.testcases.ConversionTest" time="35.612" errors="0" timestamp="2024-02-01T14:57:07 GMT" skipped="1">
  <testcase classname="com.xe.testcases.ConversionTest" name="verifyConversionPageTitle" time="2.941"/>
  <system-out/>
  <testcase classname="com.xe.testcases.ConversionTest" name="verifySignInButtonIsPresent" time="3.415"/>
  <system-out/>
  <testcase classname="com.xe.testcases.ConversionTest" name="currencyConverionTest" time="5.149"/>
  <system-out/>
  <testcase classname="com.xe.testcases.ConversionTest" name="currencyConverionTest" time="2.714">
    <skipped/>
  </testcase> <!-- currencyConverionTest -->
  <system-out/>
  <testcase classname="com.xe.testcases.ConversionTest" name="currencyConverionTest" time="5.056"/>
  <system-out/>
  <testcase classname="com.xe.testcases.ConversionTest" name="currencyConverionTest" time="5.766"/>
  <system-out/>
  <testcase classname="com.xe.testcases.ConversionTest" name="currencyConverionTest" time="5.415"/>
  <system-out/>
  <testcase classname="com.xe.testcases.ConversionTest" name="currencyConverionTest" time="5.156"/>
  <system-out/>
</testsuite> <!-- com.xe.testcases.ConversionTest -->
