<?xml version="1.0" encoding="UTF-8"?>
<!-- Generated by org.testng.reporters.JUnitReportReporter -->
<testsuite hostname="DESKTOP-ESJ8UKI" failures="0" tests="8" name="com.xe.testcases.ConversionTestUsingPOM" time="36.885" errors="0" timestamp="2024-02-01T10:00:51 GMT" skipped="1">
  <testcase classname="com.xe.testcases.ConversionTestUsingPOM" name="verifyConversionPageTitle" time="3.296"/>
  <system-out/>
  <testcase classname="com.xe.testcases.ConversionTestUsingPOM" name="verifySignInButtonIsPresent" time="2.810"/>
  <system-out/>
  <testcase classname="com.xe.testcases.ConversionTestUsingPOM" name="currencyConverionTest" time="2.968">
    <skipped/>
  </testcase> <!-- currencyConverionTest -->
  <system-out/>
  <testcase classname="com.xe.testcases.ConversionTestUsingPOM" name="currencyConverionTest" time="5.573"/>
  <system-out/>
  <testcase classname="com.xe.testcases.ConversionTestUsingPOM" name="currencyConverionTest" time="5.473"/>
  <system-out/>
  <testcase classname="com.xe.testcases.ConversionTestUsingPOM" name="currencyConverionTest" time="5.666"/>
  <system-out/>
  <testcase classname="com.xe.testcases.ConversionTestUsingPOM" name="currencyConverionTest" time="5.760"/>
  <system-out/>
  <testcase classname="com.xe.testcases.ConversionTestUsingPOM" name="currencyConverionTest" time="5.339"/>
  <system-out/>
</testsuite> <!-- com.xe.testcases.ConversionTestUsingPOM -->
