<?xml version="1.0" encoding="UTF-8"?>
<!-- Generated by org.testng.reporters.JUnitReportReporter -->
<testsuite hostname="DESKTOP-ESJ8UKI" failures="0" tests="6" name="testcases.ConversionTest" time="31.440" errors="0" timestamp="2024-01-31T18:50:35 GMT" skipped="1">
  <testcase classname="testcases.ConversionTest" name="currencyConverionTest" time="5.684"/>
  <system-out/>
  <testcase classname="testcases.ConversionTest" name="currencyConverionTest" time="5.519"/>
  <system-out/>
  <testcase classname="testcases.ConversionTest" name="currencyConverionTest" time="6.016"/>
  <system-out/>
  <testcase classname="testcases.ConversionTest" name="currencyConverionTest" time="5.420"/>
  <system-out/>
  <testcase classname="testcases.ConversionTest" name="currencyConverionTest" time="3.550">
    <skipped/>
  </testcase> <!-- currencyConverionTest -->
  <system-out/>
  <testcase classname="testcases.ConversionTest" name="currencyConverionTest" time="5.251"/>
  <system-out/>
</testsuite> <!-- testcases.ConversionTest -->
