<?xml version="1.0" encoding="UTF-8"?>
<!-- Generated by org.testng.reporters.JUnitReportReporter -->
<testsuite hostname="DESKTOP-ESJ8UKI" failures="0" tests="8" name="com.xe.testcases.ConversionTestUsingPOM" time="37.257" errors="0" timestamp="2024-02-01T14:57:07 GMT" skipped="1">
  <testcase classname="com.xe.testcases.ConversionTestUsingPOM" name="verifyConversionPageTitle" time="2.934"/>
  <system-out/>
  <testcase classname="com.xe.testcases.ConversionTestUsingPOM" name="verifySignInButtonIsPresent" time="2.991"/>
  <system-out/>
  <testcase classname="com.xe.testcases.ConversionTestUsingPOM" name="currencyConverionTest" time="5.678"/>
  <system-out/>
  <testcase classname="com.xe.testcases.ConversionTestUsingPOM" name="currencyConverionTest" time="5.645"/>
  <system-out/>
  <testcase classname="com.xe.testcases.ConversionTestUsingPOM" name="currencyConverionTest" time="5.601"/>
  <system-out/>
  <testcase classname="com.xe.testcases.ConversionTestUsingPOM" name="currencyConverionTest" time="5.411"/>
  <system-out/>
  <testcase classname="com.xe.testcases.ConversionTestUsingPOM" name="currencyConverionTest" time="6.159"/>
  <system-out/>
  <testcase classname="com.xe.testcases.ConversionTestUsingPOM" name="currencyConverionTest" time="2.838">
    <skipped/>
  </testcase> <!-- currencyConverionTest -->
  <system-out/>
</testsuite> <!-- com.xe.testcases.ConversionTestUsingPOM -->
