<?xml version="1.0" encoding="UTF-8"?>
<!-- Generated by org.testng.reporters.JUnitReportReporter -->
<testsuite hostname="DESKTOP-ESJ8UKI" failures="0" tests="1" name="testcases.SampleTest" time="0.007" errors="0" timestamp="2024-01-31T13:19:15 GMT" skipped="0">
  <testcase classname="testcases.SampleTest" name="sampleTest" time="0.007"/>
  <system-out/>
</testsuite> <!-- testcases.SampleTest -->
