<?xml version="1.0" encoding="UTF-8"?>
<!-- Generated by org.testng.reporters.JUnitReportReporter -->
<testsuite hostname="DESKTOP-ESJ8UKI" failures="0" tests="8" name="com.xe.testcases.ConversionTest" time="35.359" errors="0" timestamp="2024-02-01T09:56:59 GMT" skipped="1">
  <testcase classname="com.xe.testcases.ConversionTest" name="verifyConversionPageTitle" time="3.296"/>
  <system-out/>
  <testcase classname="com.xe.testcases.ConversionTest" name="verifySignInButtonIsPresent" time="2.723"/>
  <system-out/>
  <testcase classname="com.xe.testcases.ConversionTest" name="currencyConverionTest" time="3.017">
    <skipped/>
  </testcase> <!-- currencyConverionTest -->
  <system-out/>
  <testcase classname="com.xe.testcases.ConversionTest" name="currencyConverionTest" time="5.327"/>
  <system-out/>
  <testcase classname="com.xe.testcases.ConversionTest" name="currencyConverionTest" time="5.465"/>
  <system-out/>
  <testcase classname="com.xe.testcases.ConversionTest" name="currencyConverionTest" time="5.231"/>
  <system-out/>
  <testcase classname="com.xe.testcases.ConversionTest" name="currencyConverionTest" time="5.176"/>
  <system-out/>
  <testcase classname="com.xe.testcases.ConversionTest" name="currencyConverionTest" time="5.124"/>
  <system-out/>
</testsuite> <!-- com.xe.testcases.ConversionTest -->
