<?xml version="1.0" encoding="UTF-8"?>
<!-- Generated by org.testng.reporters.JUnitReportReporter -->
<testsuite hostname="DESKTOP-ESJ8UKI" failures="0" tests="8" name="com.xe.testcases.ConversionTest" time="37.427" errors="0" timestamp="2024-02-01T16:12:47 GMT" skipped="1">
  <testcase classname="com.xe.testcases.ConversionTest" name="verifyConversionPageTitle" time="3.527"/>
  <system-out/>
  <testcase classname="com.xe.testcases.ConversionTest" name="verifySignInButtonIsPresent" time="2.880"/>
  <system-out/>
  <testcase classname="com.xe.testcases.ConversionTest" name="currencyConverionTest" time="3.129">
    <skipped/>
  </testcase> <!-- currencyConverionTest -->
  <system-out/>
  <testcase classname="com.xe.testcases.ConversionTest" name="currencyConverionTest" time="5.350"/>
  <system-out/>
  <testcase classname="com.xe.testcases.ConversionTest" name="currencyConverionTest" time="5.736"/>
  <system-out/>
  <testcase classname="com.xe.testcases.ConversionTest" name="currencyConverionTest" time="6.062"/>
  <system-out/>
  <testcase classname="com.xe.testcases.ConversionTest" name="currencyConverionTest" time="5.279"/>
  <system-out/>
  <testcase classname="com.xe.testcases.ConversionTest" name="currencyConverionTest" time="5.464"/>
  <system-out/>
</testsuite> <!-- com.xe.testcases.ConversionTest -->
