<?xml version="1.0" encoding="UTF-8"?>
<!-- Generated by org.testng.reporters.JUnitReportReporter -->
<testsuite hostname="DESKTOP-ESJ8UKI" failures="0" tests="8" name="com.xe.testcases.ConversionTestUsingPOM" time="38.162" errors="0" timestamp="2024-02-01T16:12:47 GMT" skipped="1">
  <testcase classname="com.xe.testcases.ConversionTestUsingPOM" name="verifyConversionPageTitle" time="3.226"/>
  <system-out/>
  <testcase classname="com.xe.testcases.ConversionTestUsingPOM" name="verifySignInButtonIsPresent" time="3.552"/>
  <system-out/>
  <testcase classname="com.xe.testcases.ConversionTestUsingPOM" name="currencyConverionTest" time="5.523"/>
  <system-out/>
  <testcase classname="com.xe.testcases.ConversionTestUsingPOM" name="currencyConverionTest" time="2.980">
    <skipped/>
  </testcase> <!-- currencyConverionTest -->
  <system-out/>
  <testcase classname="com.xe.testcases.ConversionTestUsingPOM" name="currencyConverionTest" time="5.574"/>
  <system-out/>
  <testcase classname="com.xe.testcases.ConversionTestUsingPOM" name="currencyConverionTest" time="5.782"/>
  <system-out/>
  <testcase classname="com.xe.testcases.ConversionTestUsingPOM" name="currencyConverionTest" time="5.678"/>
  <system-out/>
  <testcase classname="com.xe.testcases.ConversionTestUsingPOM" name="currencyConverionTest" time="5.847"/>
  <system-out/>
</testsuite> <!-- com.xe.testcases.ConversionTestUsingPOM -->
