<?xml version="1.0" encoding="UTF-8"?>
<!-- Generated by org.testng.reporters.JUnitReportReporter -->
<testsuite hostname="DESKTOP-ESJ8UKI" failures="0" tests="8" name="com.xe.testcases.ConversionTest" time="36.665" errors="0" timestamp="2024-02-01T12:04:18 GMT" skipped="1">
  <testcase classname="com.xe.testcases.ConversionTest" name="verifyConversionPageTitle" time="3.163"/>
  <system-out/>
  <testcase classname="com.xe.testcases.ConversionTest" name="verifySignInButtonIsPresent" time="3.076"/>
  <system-out/>
  <testcase classname="com.xe.testcases.ConversionTest" name="currencyConverionTest" time="5.669"/>
  <system-out/>
  <testcase classname="com.xe.testcases.ConversionTest" name="currencyConverionTest" time="2.971">
    <skipped/>
  </testcase> <!-- currencyConverionTest -->
  <system-out/>
  <testcase classname="com.xe.testcases.ConversionTest" name="currencyConverionTest" time="5.265"/>
  <system-out/>
  <testcase classname="com.xe.testcases.ConversionTest" name="currencyConverionTest" time="5.571"/>
  <system-out/>
  <testcase classname="com.xe.testcases.ConversionTest" name="currencyConverionTest" time="5.586"/>
  <system-out/>
  <testcase classname="com.xe.testcases.ConversionTest" name="currencyConverionTest" time="5.364"/>
  <system-out/>
</testsuite> <!-- com.xe.testcases.ConversionTest -->
